[0320/185710.740:ERROR:process_memory_win.cc(73)] ReadMemory at 0x258a442bcb0 of 72 bytes failed: Only part of a ReadProcessMemory or WriteProcessMemory request was completed. (0x12B)
[0320/185711.109:WARNING:pe_image_annotations_reader.cc(134)] could not read annotations list object in C:\Program Files (x86)\Google\Chrome\Application\80.0.3987.149\chrome_elf.dll
[0320/185711.109:ERROR:process_memory_win.cc(73)] ReadMemory at 0x7ff974e00000 of 64 bytes failed: Only part of a ReadProcessMemory or WriteProcessMemory request was completed. (0x12B)
[0320/185711.109:WARNING:pe_image_reader.cc(340)] could not read dos header from C:\Windows\SYSTEM32\VERSION.dll
[0320/185711.109:ERROR:process_memory_win.cc(73)] ReadMemory at 0x7ff97c5e0000 of 64 bytes failed: Only part of a ReadProcessMemory or WriteProcessMemory request was completed. (0x12B)
[0320/185711.110:WARNING:pe_image_reader.cc(340)] could not read dos header from C:\Windows\System32\msvcrt.dll
[0320/185711.110:ERROR:process_memory_win.cc(73)] ReadMemory at 0x7ff97b730000 of 64 bytes failed: Only part of a ReadProcessMemory or WriteProcessMemory request was completed. (0x12B)
[0320/185711.110:WARNING:pe_image_reader.cc(340)] could not read dos header from C:\Windows\System32\bcryptPrimitives.dll
[0320/185711.110:ERROR:process_memory_win.cc(73)] ReadMemory at 0x7ff97d380000 of 64 bytes failed: Only part of a ReadProcessMemory or WriteProcessMemory request was completed. (0x12B)
[0320/185711.110:WARNING:pe_image_reader.cc(340)] could not read dos header from C:\Windows\System32\ADVAPI32.dll
[0320/185711.110:ERROR:process_memory_win.cc(73)] ReadMemory at 0x7ff97ded0000 of 64 bytes failed: Only part of a ReadProcessMemory or WriteProcessMemory request was completed. (0x12B)
[0320/185711.110:WARNING:pe_image_reader.cc(340)] could not read dos header from C:\Windows\System32\sechost.dll
[0320/185711.110:ERROR:process_memory_win.cc(73)] ReadMemory at 0x7ff97e1b0000 of 64 bytes failed: Only part of a ReadProcessMemory or WriteProcessMemory request was completed. (0x12B)
[0320/185711.110:WARNING:pe_image_reader.cc(340)] could not read dos header from C:\Windows\System32\RPCRT4.dll
[0320/185711.110:ERROR:process_memory_win.cc(73)] ReadMemory at 0x7ff917f00000 of 64 bytes failed: Only part of a ReadProcessMemory or WriteProcessMemory request was completed. (0x12B)
[0320/185711.110:WARNING:pe_image_reader.cc(340)] could not read dos header from C:\Program Files (x86)\Google\Chrome\Application\80.0.3987.149\chrome.dll
[0320/185711.110:ERROR:process_memory_win.cc(73)] ReadMemory at 0x7ff97cea0000 of 64 bytes failed: Only part of a ReadProcessMemory or WriteProcessMemory request was completed. (0x12B)
[0320/185711.110:WARNING:pe_image_reader.cc(340)] could not read dos header from C:\Windows\System32\WS2_32.dll
[0320/185711.110:ERROR:process_memory_win.cc(73)] ReadMemory at 0x7ff97ddf0000 of 64 bytes failed: Only part of a ReadProcessMemory or WriteProcessMemory request was completed. (0x12B)
[0320/185711.111:WARNING:pe_image_reader.cc(340)] could not read dos header from C:\Windows\System32\OLEAUT32.dll
[0320/185711.111:ERROR:process_memory_win.cc(73)] ReadMemory at 0x7ff97b520000 of 64 bytes failed: Only part of a ReadProcessMemory or WriteProcessMemory request was completed. (0x12B)
[0320/185711.111:WARNING:pe_image_reader.cc(340)] could not read dos header from C:\Windows\System32\msvcp_win.dll
[0320/185711.111:ERROR:process_memory_win.cc(73)] ReadMemory at 0x7ff97c380000 of 64 bytes failed: Only part of a ReadProcessMemory or WriteProcessMemory request was completed. (0x12B)
[0320/185711.111:WARNING:pe_image_reader.cc(340)] could not read dos header from C:\Windows\System32\ucrtbase.dll
[0320/185711.111:ERROR:process_memory_win.cc(73)] ReadMemory at 0x7ff97c7a0000 of 64 bytes failed: Only part of a ReadProcessMemory or WriteProcessMemory request was completed. (0x12B)
[0320/185711.111:WARNING:pe_image_reader.cc(340)] could not read dos header from C:\Windows\System32\combase.dll
[0320/185711.111:ERROR:process_memory_win.cc(73)] ReadMemory at 0x7ff97b410000 of 64 bytes failed: Only part of a ReadProcessMemory or WriteProcessMemory request was completed. (0x12B)
[0320/185711.111:WARNING:pe_image_reader.cc(340)] could not read dos header from C:\Windows\System32\WINTRUST.dll
[0320/185711.111:ERROR:process_memory_win.cc(73)] ReadMemory at 0x7ff97b2f0000 of 64 bytes failed: Only part of a ReadProcessMemory or WriteProcessMemory request was completed. (0x12B)
[0320/185711.111:WARNING:pe_image_reader.cc(340)] could not read dos header from C:\Windows\System32\MSASN1.dll
[0320/185711.111:ERROR:process_memory_win.cc(73)] ReadMemory at 0x7ff97b5e0000 of 64 bytes failed: Only part of a ReadProcessMemory or WriteProcessMemory request was completed. (0x12B)
[0320/185711.111:WARNING:pe_image_reader.cc(340)] could not read dos header from C:\Windows\System32\CRYPT32.dll
[0320/185711.111:ERROR:process_memory_win.cc(73)] ReadMemory at 0x7ff97a7e0000 of 64 bytes failed: Only part of a ReadProcessMemory or WriteProcessMemory request was completed. (0x12B)
[0320/185711.111:WARNING:pe_image_reader.cc(340)] could not read dos header from C:\Windows\SYSTEM32\IPHLPAPI.DLL
[0320/185711.111:ERROR:process_memory_win.cc(73)] ReadMemory at 0x7ff979030000 of 64 bytes failed: Only part of a ReadProcessMemory or WriteProcessMemory request was completed. (0x12B)
[0320/185711.111:WARNING:pe_image_reader.cc(340)] could not read dos header from C:\Windows\SYSTEM32\WINMM.dll
[0320/185711.111:ERROR:process_memory_win.cc(73)] ReadMemory at 0x7ff966110000 of 64 bytes failed: Only part of a ReadProcessMemory or WriteProcessMemory request was completed. (0x12B)
[0320/185711.111:WARNING:pe_image_reader.cc(340)] could not read dos header from C:\Windows\SYSTEM32\Secur32.dll
[0320/185711.111:ERROR:process_memory_win.cc(73)] ReadMemory at 0x7ff97b1b0000 of 64 bytes failed: Only part of a ReadProcessMemory or WriteProcessMemory request was completed. (0x12B)
[0320/185711.111:WARNING:pe_image_reader.cc(340)] could not read dos header from C:\Windows\SYSTEM32\USERENV.dll
[0320/185711.111:ERROR:process_memory_win.cc(73)] ReadMemory at 0x7ff97b310000 of 64 bytes failed: Only part of a ReadProcessMemory or WriteProcessMemory request was completed. (0x12B)
[0320/185711.111:WARNING:pe_image_reader.cc(340)] could not read dos header from C:\Windows\System32\profapi.dll
[0320/185711.111:ERROR:process_memory_win.cc(73)] ReadMemory at 0x7ff953a90000 of 64 bytes failed: Only part of a ReadProcessMemory or WriteProcessMemory request was completed. (0x12B)
[0320/185711.111:WARNING:pe_image_reader.cc(340)] could not read dos header from C:\Windows\SYSTEM32\UIAutomationCore.DLL
[0320/185711.112:ERROR:process_memory_win.cc(73)] ReadMemory at 0x7ff96ecb0000 of 64 bytes failed: Only part of a ReadProcessMemory or WriteProcessMemory request was completed. (0x12B)
[0320/185711.112:WARNING:pe_image_reader.cc(340)] could not read dos header from C:\Windows\SYSTEM32\DWrite.dll
[0320/185711.112:ERROR:process_memory_win.cc(73)] ReadMemory at 0x7ff954ba0000 of 64 bytes failed: Only part of a ReadProcessMemory or WriteProcessMemory request was completed. (0x12B)
[0320/185711.112:WARNING:pe_image_reader.cc(340)] could not read dos header from C:\Windows\SYSTEM32\WINSPOOL.DRV
[0320/185711.112:ERROR:process_memory_win.cc(73)] ReadMemory at 0x7ff97b2d0000 of 64 bytes failed: Only part of a ReadProcessMemory or WriteProcessMemory request was completed. (0x12B)
[0320/185711.112:WARNING:pe_image_reader.cc(340)] could not read dos header from C:\Windows\System32\kernel.appcore.dll
[0320/185711.112:ERROR:process_memory_win.cc(73)] ReadMemory at 0x7ff97b390000 of 64 bytes failed: Only part of a ReadProcessMemory or WriteProcessMemory request was completed. (0x12B)
[0320/185711.112:WARNING:pe_image_reader.cc(340)] could not read dos header from C:\Windows\System32\bcrypt.dll
[0320/185711.112:ERROR:process_memory_win.cc(73)] ReadMemory at 0x7ff968bb0000 of 64 bytes failed: Only part of a ReadProcessMemory or WriteProcessMemory request was completed. (0x12B)
[0320/185711.112:WARNING:pe_image_reader.cc(340)] could not read dos header from C:\Windows\SYSTEM32\dbghelp.dll
[0320/185711.112:ERROR:process_memory_win.cc(73)] ReadMemory at 0x7ff96f4f0000 of 64 bytes failed: Only part of a ReadProcessMemory or WriteProcessMemory request was completed. (0x12B)
[0320/185711.112:WARNING:pe_image_reader.cc(340)] could not read dos header from C:\Windows\SYSTEM32\WINHTTP.dll
[0320/185711.112:ERROR:process_memory_win.cc(73)] ReadMemory at 0x7ff975b00000 of 64 bytes failed: Only part of a ReadProcessMemory or WriteProcessMemory request was completed. (0x12B)
[0320/185711.112:WARNING:pe_image_reader.cc(340)] could not read dos header from C:\Windows\SYSTEM32\dhcpcsvc.DLL
[0320/185711.112:ERROR:process_memory_win.cc(73)] ReadMemory at 0x7ff97dec0000 of 64 bytes failed: Only part of a ReadProcessMemory or WriteProcessMemory request was completed. (0x12B)
[0320/185711.112:WARNING:pe_image_reader.cc(340)] could not read dos header from C:\Windows\System32\NSI.dll
[0320/185711.112:ERROR:process_memory_win.cc(73)] ReadMemory at 0x7ff979000000 of 64 bytes failed: Only part of a ReadProcessMemory or WriteProcessMemory request was completed. (0x12B)
[0320/185711.112:WARNING:pe_image_reader.cc(340)] could not read dos header from C:\Windows\SYSTEM32\WINMMBASE.dll
[0320/185711.113:ERROR:process_memory_win.cc(73)] ReadMemory at 0x7ff97b3c0000 of 64 bytes failed: Only part of a ReadProcessMemory or WriteProcessMemory request was completed. (0x12B)
[0320/185711.113:WARNING:pe_image_reader.cc(340)] could not read dos header from C:\Windows\System32\cfgmgr32.dll
[0320/185711.113:ERROR:process_memory_win.cc(73)] ReadMemory at 0x7ff979d70000 of 64 bytes failed: Only part of a ReadProcessMemory or WriteProcessMemory request was completed. (0x12B)
[0320/185711.113:WARNING:pe_image_reader.cc(340)] could not read dos header from C:\Windows\SYSTEM32\PROPSYS.dll
[0320/185711.113:ERROR:process_memory_win.cc(73)] ReadMemory at 0x7ff97db30000 of 64 bytes failed: Only part of a ReadProcessMemory or WriteProcessMemory request was completed. (0x12B)
[0320/185711.113:WARNING:pe_image_reader.cc(340)] could not read dos header from C:\Windows\System32\shcore.dll
[0320/185711.113:ERROR:process_memory_win.cc(73)] ReadMemory at 0x7ff97b1e0000 of 64 bytes failed: Only part of a ReadProcessMemory or WriteProcessMemory request was completed. (0x12B)
[0320/185711.113:WARNING:pe_image_reader.cc(340)] could not read dos header from C:\Windows\SYSTEM32\SSPICLI.DLL
[0320/185711.113:ERROR:process_memory_win.cc(73)] ReadMemory at 0x7ff97aca0000 of 64 bytes failed: Only part of a ReadProcessMemory or WriteProcessMemory request was completed. (0x12B)
[0320/185711.113:WARNING:pe_image_reader.cc(340)] could not read dos header from C:\Windows\SYSTEM32\CRYPTBASE.DLL
[0320/185711.113:ERROR:process_memory_win.cc(73)] ReadMemory at 0x7ff7fdac0000 of 64 bytes failed: Only part of a ReadProcessMemory or WriteProcessMemory request was completed. (0x12B)
[0320/185711.113:WARNING:pe_image_reader.cc(340)] could not read dos header from C:\Program Files (x86)\Google\Chrome\Application\chrome.exe
[0320/185711.113:ERROR:process_memory_win.cc(73)] ReadMemory at 0x7ff97e400000 of 64 bytes failed: Only part of a ReadProcessMemory or WriteProcessMemory request was completed. (0x12B)
[0320/185711.113:WARNING:pe_image_reader.cc(340)] could not read dos header from C:\Windows\SYSTEM32\ntdll.dll
[0320/185711.113:ERROR:process_memory_win.cc(73)] ReadMemory at 0x7ff97cc80000 of 64 bytes failed: Only part of a ReadProcessMemory or WriteProcessMemory request was completed. (0x12B)
[0320/185711.113:WARNING:pe_image_reader.cc(340)] could not read dos header from C:\Windows\System32\KERNEL32.DLL
[0320/185711.113:ERROR:process_memory_win.cc(73)] ReadMemory at 0x7ff97bf30000 of 64 bytes failed: Only part of a ReadProcessMemory or WriteProcessMemory request was completed. (0x12B)
[0320/185711.113:WARNING:pe_image_reader.cc(340)] could not read dos header from C:\Windows\System32\KERNELBASE.dll
[0320/185711.113:ERROR:process_memory_win.cc(73)] ReadMemory at 0x7ff93e1d0000 of 64 bytes failed: Only part of a ReadProcessMemory or WriteProcessMemory request was completed. (0x12B)
[0320/185711.113:WARNING:pe_image_reader.cc(340)] could not read dos header from C:\Program Files (x86)\Google\Chrome\Application\80.0.3987.149\chrome_elf.dll
[0320/185711.113:ERROR:process_memory_win.cc(73)] ReadMemory at 0x7ff974e00000 of 64 bytes failed: Only part of a ReadProcessMemory or WriteProcessMemory request was completed. (0x12B)
[0320/185711.113:WARNING:pe_image_reader.cc(340)] could not read dos header from C:\Windows\SYSTEM32\VERSION.dll
[0320/185711.113:ERROR:process_memory_win.cc(73)] ReadMemory at 0x7ff97c5e0000 of 64 bytes failed: Only part of a ReadProcessMemory or WriteProcessMemory request was completed. (0x12B)
[0320/185711.113:WARNING:pe_image_reader.cc(340)] could not read dos header from C:\Windows\System32\msvcrt.dll
[0320/185711.113:ERROR:process_memory_win.cc(73)] ReadMemory at 0x7ff97b730000 of 64 bytes failed: Only part of a ReadProcessMemory or WriteProcessMemory request was completed. (0x12B)
[0320/185711.113:WARNING:pe_image_reader.cc(340)] could not read dos header from C:\Windows\System32\bcryptPrimitives.dll
[0320/185711.113:ERROR:process_memory_win.cc(73)] ReadMemory at 0x7ff97d380000 of 64 bytes failed: Only part of a ReadProcessMemory or WriteProcessMemory request was completed. (0x12B)
[0320/185711.113:WARNING:pe_image_reader.cc(340)] could not read dos header from C:\Windows\System32\ADVAPI32.dll
[0320/185711.113:ERROR:process_memory_win.cc(73)] ReadMemory at 0x7ff97ded0000 of 64 bytes failed: Only part of a ReadProcessMemory or WriteProcessMemory request was completed. (0x12B)
[0320/185711.113:WARNING:pe_image_reader.cc(340)] could not read dos header from C:\Windows\System32\sechost.dll
[0320/185711.113:ERROR:process_memory_win.cc(73)] ReadMemory at 0x7ff97e1b0000 of 64 bytes failed: Only part of a ReadProcessMemory or WriteProcessMemory request was completed. (0x12B)
[0320/185711.113:WARNING:pe_image_reader.cc(340)] could not read dos header from C:\Windows\System32\RPCRT4.dll
[0320/185711.114:ERROR:process_memory_win.cc(73)] ReadMemory at 0x7ff917f00000 of 64 bytes failed: Only part of a ReadProcessMemory or WriteProcessMemory request was completed. (0x12B)
[0320/185711.114:WARNING:pe_image_reader.cc(340)] could not read dos header from C:\Program Files (x86)\Google\Chrome\Application\80.0.3987.149\chrome.dll
[0320/185711.114:ERROR:process_memory_win.cc(73)] ReadMemory at 0x7ff97cea0000 of 64 bytes failed: Only part of a ReadProcessMemory or WriteProcessMemory request was completed. (0x12B)
[0320/185711.114:WARNING:pe_image_reader.cc(340)] could not read dos header from C:\Windows\System32\WS2_32.dll
[0320/185711.114:ERROR:process_memory_win.cc(73)] ReadMemory at 0x7ff97ddf0000 of 64 bytes failed: Only part of a ReadProcessMemory or WriteProcessMemory request was completed. (0x12B)
[0320/185711.114:WARNING:pe_image_reader.cc(340)] could not read dos header from C:\Windows\System32\OLEAUT32.dll
[0320/185711.114:ERROR:process_memory_win.cc(73)] ReadMemory at 0x7ff97b520000 of 64 bytes failed: Only part of a ReadProcessMemory or WriteProcessMemory request was completed. (0x12B)
[0320/185711.114:WARNING:pe_image_reader.cc(340)] could not read dos header from C:\Windows\System32\msvcp_win.dll
[0320/185711.114:ERROR:process_memory_win.cc(73)] ReadMemory at 0x7ff97c380000 of 64 bytes failed: Only part of a ReadProcessMemory or WriteProcessMemory request was completed. (0x12B)
[0320/185711.114:WARNING:pe_image_reader.cc(340)] could not read dos header from C:\Windows\System32\ucrtbase.dll
[0320/185711.114:ERROR:process_memory_win.cc(73)] ReadMemory at 0x7ff97c7a0000 of 64 bytes failed: Only part of a ReadProcessMemory or WriteProcessMemory request was completed. (0x12B)
[0320/185711.114:WARNING:pe_image_reader.cc(340)] could not read dos header from C:\Windows\System32\combase.dll
[0320/185711.114:ERROR:process_memory_win.cc(73)] ReadMemory at 0x7ff97b410000 of 64 bytes failed: Only part of a ReadProcessMemory or WriteProcessMemory request was completed. (0x12B)
[0320/185711.114:WARNING:pe_image_reader.cc(340)] could not read dos header from C:\Windows\System32\WINTRUST.dll
[0320/185711.114:ERROR:process_memory_win.cc(73)] ReadMemory at 0x7ff97b2f0000 of 64 bytes failed: Only part of a ReadProcessMemory or WriteProcessMemory request was completed. (0x12B)
[0320/185711.114:WARNING:pe_image_reader.cc(340)] could not read dos header from C:\Windows\System32\MSASN1.dll
[0320/185711.114:ERROR:process_memory_win.cc(73)] ReadMemory at 0x7ff97b5e0000 of 64 bytes failed: Only part of a ReadProcessMemory or WriteProcessMemory request was completed. (0x12B)
[0320/185711.114:WARNING:pe_image_reader.cc(340)] could not read dos header from C:\Windows\System32\CRYPT32.dll
[0320/185711.114:ERROR:process_memory_win.cc(73)] ReadMemory at 0x7ff97a7e0000 of 64 bytes failed: Only part of a ReadProcessMemory or WriteProcessMemory request was completed. (0x12B)
[0320/185711.114:WARNING:pe_image_reader.cc(340)] could not read dos header from C:\Windows\SYSTEM32\IPHLPAPI.DLL
[0320/185711.114:ERROR:process_memory_win.cc(73)] ReadMemory at 0x7ff979030000 of 64 bytes failed: Only part of a ReadProcessMemory or WriteProcessMemory request was completed. (0x12B)
[0320/185711.114:WARNING:pe_image_reader.cc(340)] could not read dos header from C:\Windows\SYSTEM32\WINMM.dll
[0320/185711.114:ERROR:process_memory_win.cc(73)] ReadMemory at 0x7ff966110000 of 64 bytes failed: Only part of a ReadProcessMemory or WriteProcessMemory request was completed. (0x12B)
[0320/185711.114:WARNING:pe_image_reader.cc(340)] could not read dos header from C:\Windows\SYSTEM32\Secur32.dll
[0320/185711.114:ERROR:process_memory_win.cc(73)] ReadMemory at 0x7ff97b1b0000 of 64 bytes failed: Only part of a ReadProcessMemory or WriteProcessMemory request was completed. (0x12B)
[0320/185711.114:WARNING:pe_image_reader.cc(340)] could not read dos header from C:\Windows\SYSTEM32\USERENV.dll
[0320/185711.114:ERROR:process_memory_win.cc(73)] ReadMemory at 0x7ff97b310000 of 64 bytes failed: Only part of a ReadProcessMemory or WriteProcessMemory request was completed. (0x12B)
[0320/185711.114:WARNING:pe_image_reader.cc(340)] could not read dos header from C:\Windows\System32\profapi.dll
[0320/185711.114:ERROR:process_memory_win.cc(73)] ReadMemory at 0x7ff953a90000 of 64 bytes failed: Only part of a ReadProcessMemory or WriteProcessMemory request was completed. (0x12B)
[0320/185711.114:WARNING:pe_image_reader.cc(340)] could not read dos header from C:\Windows\SYSTEM32\UIAutomationCore.DLL
[0320/185711.114:ERROR:process_memory_win.cc(73)] ReadMemory at 0x7ff96ecb0000 of 64 bytes failed: Only part of a ReadProcessMemory or WriteProcessMemory request was completed. (0x12B)
[0320/185711.114:WARNING:pe_image_reader.cc(340)] could not read dos header from C:\Windows\SYSTEM32\DWrite.dll
[0320/185711.114:ERROR:process_memory_win.cc(73)] ReadMemory at 0x7ff954ba0000 of 64 bytes failed: Only part of a ReadProcessMemory or WriteProcessMemory request was completed. (0x12B)
[0320/185711.114:WARNING:pe_image_reader.cc(340)] could not read dos header from C:\Windows\SYSTEM32\WINSPOOL.DRV
[0320/185711.115:ERROR:process_memory_win.cc(73)] ReadMemory at 0x7ff97b2d0000 of 64 bytes failed: Only part of a ReadProcessMemory or WriteProcessMemory request was completed. (0x12B)
[0320/185711.115:WARNING:pe_image_reader.cc(340)] could not read dos header from C:\Windows\System32\kernel.appcore.dll
[0320/185711.115:ERROR:process_memory_win.cc(73)] ReadMemory at 0x7ff97b390000 of 64 bytes failed: Only part of a ReadProcessMemory or WriteProcessMemory request was completed. (0x12B)
[0320/185711.115:WARNING:pe_image_reader.cc(340)] could not read dos header from C:\Windows\System32\bcrypt.dll
[0320/185711.115:ERROR:process_memory_win.cc(73)] ReadMemory at 0x7ff968bb0000 of 64 bytes failed: Only part of a ReadProcessMemory or WriteProcessMemory request was completed. (0x12B)
[0320/185711.115:WARNING:pe_image_reader.cc(340)] could not read dos header from C:\Windows\SYSTEM32\dbghelp.dll
[0320/185711.115:ERROR:process_memory_win.cc(73)] ReadMemory at 0x7ff96f4f0000 of 64 bytes failed: Only part of a ReadProcessMemory or WriteProcessMemory request was completed. (0x12B)
[0320/185711.115:WARNING:pe_image_reader.cc(340)] could not read dos header from C:\Windows\SYSTEM32\WINHTTP.dll
[0320/185711.115:ERROR:process_memory_win.cc(73)] ReadMemory at 0x7ff975b00000 of 64 bytes failed: Only part of a ReadProcessMemory or WriteProcessMemory request was completed. (0x12B)
[0320/185711.115:WARNING:pe_image_reader.cc(340)] could not read dos header from C:\Windows\SYSTEM32\dhcpcsvc.DLL
[0320/185711.115:ERROR:process_memory_win.cc(73)] ReadMemory at 0x7ff97dec0000 of 64 bytes failed: Only part of a ReadProcessMemory or WriteProcessMemory request was completed. (0x12B)
[0320/185711.115:WARNING:pe_image_reader.cc(340)] could not read dos header from C:\Windows\System32\NSI.dll
[0320/185711.115:ERROR:process_memory_win.cc(73)] ReadMemory at 0x7ff979000000 of 64 bytes failed: Only part of a ReadProcessMemory or WriteProcessMemory request was completed. (0x12B)
[0320/185711.115:WARNING:pe_image_reader.cc(340)] could not read dos header from C:\Windows\SYSTEM32\WINMMBASE.dll
[0320/185711.115:ERROR:process_memory_win.cc(73)] ReadMemory at 0x7ff97b3c0000 of 64 bytes failed: Only part of a ReadProcessMemory or WriteProcessMemory request was completed. (0x12B)
[0320/185711.115:WARNING:pe_image_reader.cc(340)] could not read dos header from C:\Windows\System32\cfgmgr32.dll
[0320/185711.115:ERROR:process_memory_win.cc(73)] ReadMemory at 0x7ff979d70000 of 64 bytes failed: Only part of a ReadProcessMemory or WriteProcessMemory request was completed. (0x12B)
[0320/185711.115:WARNING:pe_image_reader.cc(340)] could not read dos header from C:\Windows\SYSTEM32\PROPSYS.dll
[0320/185711.115:ERROR:process_memory_win.cc(73)] ReadMemory at 0x7ff97db30000 of 64 bytes failed: Only part of a ReadProcessMemory or WriteProcessMemory request was completed. (0x12B)
[0320/185711.115:WARNING:pe_image_reader.cc(340)] could not read dos header from C:\Windows\System32\shcore.dll
[0320/185711.115:ERROR:process_memory_win.cc(73)] ReadMemory at 0x7ff97b1e0000 of 64 bytes failed: Only part of a ReadProcessMemory or WriteProcessMemory request was completed. (0x12B)
[0320/185711.115:WARNING:pe_image_reader.cc(340)] could not read dos header from C:\Windows\SYSTEM32\SSPICLI.DLL
[0320/185711.115:ERROR:process_memory_win.cc(73)] ReadMemory at 0x7ff97aca0000 of 64 bytes failed: Only part of a ReadProcessMemory or WriteProcessMemory request was completed. (0x12B)
[0320/185711.115:WARNING:pe_image_reader.cc(340)] could not read dos header from C:\Windows\SYSTEM32\CRYPTBASE.DLL
[0320/185711.125:ERROR:process_memory_win.cc(73)] ReadMemory at 0x59b5df4000 of 49152 bytes failed: Only part of a ReadProcessMemory or WriteProcessMemory request was completed. (0x12B)
[0320/185711.125:ERROR:process_memory_win.cc(73)] ReadMemory at 0x59b65fd000 of 12288 bytes failed: Only part of a ReadProcessMemory or WriteProcessMemory request was completed. (0x12B)
[0320/185711.125:ERROR:process_memory_win.cc(73)] ReadMemory at 0x59b6dfc000 of 16384 bytes failed: Only part of a ReadProcessMemory or WriteProcessMemory request was completed. (0x12B)
[0320/185711.126:ERROR:process_memory_win.cc(73)] ReadMemory at 0x59b75fc000 of 16384 bytes failed: Only part of a ReadProcessMemory or WriteProcessMemory request was completed. (0x12B)
[0320/185711.126:ERROR:process_memory_win.cc(73)] ReadMemory at 0x59b7dfc000 of 16384 bytes failed: Only part of a ReadProcessMemory or WriteProcessMemory request was completed. (0x12B)
[0320/185711.126:ERROR:process_memory_win.cc(73)] ReadMemory at 0x59b85fe000 of 8192 bytes failed: Only part of a ReadProcessMemory or WriteProcessMemory request was completed. (0x12B)
[0320/185711.126:ERROR:process_memory_win.cc(73)] ReadMemory at 0x59b8dfd000 of 12288 bytes failed: Only part of a ReadProcessMemory or WriteProcessMemory request was completed. (0x12B)
[0320/185711.126:ERROR:process_memory_win.cc(73)] ReadMemory at 0x59b95fc000 of 16384 bytes failed: Only part of a ReadProcessMemory or WriteProcessMemory request was completed. (0x12B)
[0320/185711.126:ERROR:process_memory_win.cc(73)] ReadMemory at 0x59b9dfd000 of 12288 bytes failed: Only part of a ReadProcessMemory or WriteProcessMemory request was completed. (0x12B)
[0320/185711.126:ERROR:process_memory_win.cc(73)] ReadMemory at 0x59ba5fd000 of 12288 bytes failed: Only part of a ReadProcessMemory or WriteProcessMemory request was completed. (0x12B)
[0320/185711.126:ERROR:process_memory_win.cc(73)] ReadMemory at 0x59badfd000 of 12288 bytes failed: Only part of a ReadProcessMemory or WriteProcessMemory request was completed. (0x12B)
[0320/185711.127:ERROR:process_memory_win.cc(73)] ReadMemory at 0x59bb5fd000 of 12288 bytes failed: Only part of a ReadProcessMemory or WriteProcessMemory request was completed. (0x12B)
[0320/185711.127:ERROR:process_memory_win.cc(73)] ReadMemory at 0x59bbdfd000 of 12288 bytes failed: Only part of a ReadProcessMemory or WriteProcessMemory request was completed. (0x12B)
[0320/185711.127:ERROR:process_memory_win.cc(73)] ReadMemory at 0x59bc5fd000 of 12288 bytes failed: Only part of a ReadProcessMemory or WriteProcessMemory request was completed. (0x12B)
[0320/185711.127:ERROR:process_memory_win.cc(73)] ReadMemory at 0x59b548d000 of 852 bytes failed: Only part of a ReadProcessMemory or WriteProcessMemory request was completed. (0x12B)
[0320/185711.127:ERROR:process_memory_win.cc(73)] ReadMemory at 0x59b548e000 of 6024 bytes failed: Only part of a ReadProcessMemory or WriteProcessMemory request was completed. (0x12B)
[0320/185711.127:ERROR:process_memory_win.cc(73)] ReadMemory at 0x59b5490000 of 6024 bytes failed: Only part of a ReadProcessMemory or WriteProcessMemory request was completed. (0x12B)
[0320/185711.127:ERROR:process_memory_win.cc(73)] ReadMemory at 0x59b5492000 of 6024 bytes failed: Only part of a ReadProcessMemory or WriteProcessMemory request was completed. (0x12B)
[0320/185711.127:ERROR:process_memory_win.cc(73)] ReadMemory at 0x59b5494000 of 6024 bytes failed: Only part of a ReadProcessMemory or WriteProcessMemory request was completed. (0x12B)
[0320/185711.127:ERROR:process_memory_win.cc(73)] ReadMemory at 0x59b5496000 of 6024 bytes failed: Only part of a ReadProcessMemory or WriteProcessMemory request was completed. (0x12B)
[0320/185711.127:ERROR:process_memory_win.cc(73)] ReadMemory at 0x59b5498000 of 6024 bytes failed: Only part of a ReadProcessMemory or WriteProcessMemory request was completed. (0x12B)
[0320/185711.127:ERROR:process_memory_win.cc(73)] ReadMemory at 0x59b549a000 of 6024 bytes failed: Only part of a ReadProcessMemory or WriteProcessMemory request was completed. (0x12B)
[0320/185711.127:ERROR:process_memory_win.cc(73)] ReadMemory at 0x59b549c000 of 6024 bytes failed: Only part of a ReadProcessMemory or WriteProcessMemory request was completed. (0x12B)
[0320/185711.128:ERROR:process_memory_win.cc(73)] ReadMemory at 0x59b549e000 of 6024 bytes failed: Only part of a ReadProcessMemory or WriteProcessMemory request was completed. (0x12B)
[0320/185711.128:ERROR:process_memory_win.cc(73)] ReadMemory at 0x59b54a0000 of 6024 bytes failed: Only part of a ReadProcessMemory or WriteProcessMemory request was completed. (0x12B)
[0320/185711.128:ERROR:process_memory_win.cc(73)] ReadMemory at 0x59b54a2000 of 6024 bytes failed: Only part of a ReadProcessMemory or WriteProcessMemory request was completed. (0x12B)
[0320/185711.128:ERROR:process_memory_win.cc(73)] ReadMemory at 0x59b54a4000 of 6024 bytes failed: Only part of a ReadProcessMemory or WriteProcessMemory request was completed. (0x12B)
[0320/185711.128:ERROR:process_memory_win.cc(73)] ReadMemory at 0x59b54a6000 of 6024 bytes failed: Only part of a ReadProcessMemory or WriteProcessMemory request was completed. (0x12B)
[0320/185711.128:ERROR:process_memory_win.cc(73)] ReadMemory at 0x59b54a8000 of 6024 bytes failed: Only part of a ReadProcessMemory or WriteProcessMemory request was completed. (0x12B)
[0320/185711.128:ERROR:process_memory_win.cc(73)] ReadMemory at 0x258a42f0750 of 80 bytes failed: Only part of a ReadProcessMemory or WriteProcessMemory request was completed. (0x12B)
[0320/185711.128:ERROR:process_memory_win.cc(73)] ReadMemory at 0x258a42f0fe0 of 17482 bytes failed: Only part of a ReadProcessMemory or WriteProcessMemory request was completed. (0x12B)
[0320/185711.128:ERROR:process_memory_win.cc(73)] ReadMemory at 0x258a42f5440 of 1012 bytes failed: Only part of a ReadProcessMemory or WriteProcessMemory request was completed. (0x12B)
[0320/185711.128:ERROR:process_memory_win.cc(73)] ReadMemory at 0x258a42f5a88 of 118 bytes failed: Only part of a ReadProcessMemory or WriteProcessMemory request was completed. (0x12B)
[0320/185711.129:ERROR:process_memory_win.cc(73)] ReadMemory at 0x258a42f5b00 of 754 bytes failed: Only part of a ReadProcessMemory or WriteProcessMemory request was completed. (0x12B)
[0320/185711.129:ERROR:process_memory_win.cc(73)] ReadMemory at 0x258a42f5df4 of 118 bytes failed: Only part of a ReadProcessMemory or WriteProcessMemory request was completed. (0x12B)
[0320/185711.129:ERROR:process_memory_win.cc(73)] ReadMemory at 0x258a42f5e6c of 94 bytes failed: Only part of a ReadProcessMemory or WriteProcessMemory request was completed. (0x12B)
[0320/185711.129:ERROR:process_memory_win.cc(73)] ReadMemory at 0x258a42f5ee0 of 58 bytes failed: Only part of a ReadProcessMemory or WriteProcessMemory request was completed. (0x12B)
[0320/185711.129:ERROR:process_memory_win.cc(73)] ReadMemory at 0x258a42f5fe0 of 132 bytes failed: Only part of a ReadProcessMemory or WriteProcessMemory request was completed. (0x12B)
[0320/185711.129:ERROR:process_memory_win.cc(73)] ReadMemory at 0x258a42f6170 of 132 bytes failed: Only part of a ReadProcessMemory or WriteProcessMemory request was completed. (0x12B)
[0320/185711.129:ERROR:process_memory_win.cc(73)] ReadMemory at 0x258a42f6330 of 126 bytes failed: Only part of a ReadProcessMemory or WriteProcessMemory request was completed. (0x12B)
[0320/185711.129:ERROR:process_memory_win.cc(73)] ReadMemory at 0x258a42f6710 of 132 bytes failed: Only part of a ReadProcessMemory or WriteProcessMemory request was completed. (0x12B)
[0320/185711.129:ERROR:process_memory_win.cc(73)] ReadMemory at 0x258a42f68a0 of 64 bytes failed: Only part of a ReadProcessMemory or WriteProcessMemory request was completed. (0x12B)
[0320/185711.129:ERROR:process_memory_win.cc(73)] ReadMemory at 0x258a42f68f0 of 132 bytes failed: Only part of a ReadProcessMemory or WriteProcessMemory request was completed. (0x12B)
[0320/185711.129:ERROR:process_memory_win.cc(73)] ReadMemory at 0x258a42f6d00 of 132 bytes failed: Only part of a ReadProcessMemory or WriteProcessMemory request was completed. (0x12B)
[0320/185711.129:ERROR:process_memory_win.cc(73)] ReadMemory at 0x258a42f6e90 of 68 bytes failed: Only part of a ReadProcessMemory or WriteProcessMemory request was completed. (0x12B)
[0320/185711.129:ERROR:process_memory_win.cc(73)] ReadMemory at 0x258a42f7e80 of 132 bytes failed: Only part of a ReadProcessMemory or WriteProcessMemory request was completed. (0x12B)
[0320/185711.129:ERROR:process_memory_win.cc(73)] ReadMemory at 0x258a42f7fb0 of 132 bytes failed: Only part of a ReadProcessMemory or WriteProcessMemory request was completed. (0x12B)
[0320/185711.129:ERROR:process_memory_win.cc(73)] ReadMemory at 0x258a42f80e0 of 154 bytes failed: Only part of a ReadProcessMemory or WriteProcessMemory request was completed. (0x12B)
[0320/185711.129:ERROR:process_memory_win.cc(73)] ReadMemory at 0x258a42f8ef0 of 62 bytes failed: Only part of a ReadProcessMemory or WriteProcessMemory request was completed. (0x12B)
[0320/185711.129:ERROR:process_memory_win.cc(73)] ReadMemory at 0x258a42f8f70 of 146 bytes failed: Only part of a ReadProcessMemory or WriteProcessMemory request was completed. (0x12B)
[0320/185711.130:ERROR:process_memory_win.cc(73)] ReadMemory at 0x258a42f9050 of 132 bytes failed: Only part of a ReadProcessMemory or WriteProcessMemory request was completed. (0x12B)
[0320/185711.130:ERROR:process_memory_win.cc(73)] ReadMemory at 0x258a42f91e0 of 60 bytes failed: Only part of a ReadProcessMemory or WriteProcessMemory request was completed. (0x12B)
[0320/185711.130:ERROR:process_memory_win.cc(73)] ReadMemory at 0x258a42faff0 of 132 bytes failed: Only part of a ReadProcessMemory or WriteProcessMemory request was completed. (0x12B)
[0320/185711.130:ERROR:process_memory_win.cc(73)] ReadMemory at 0x258a42fd830 of 132 bytes failed: Only part of a ReadProcessMemory or WriteProcessMemory request was completed. (0x12B)
[0320/185711.146:ERROR:process_memory_win.cc(73)] ReadMemory at 0x258a42fdef0 of 62 bytes failed: Only part of a ReadProcessMemory or WriteProcessMemory request was completed. (0x12B)
[0320/185711.146:ERROR:process_memory_win.cc(73)] ReadMemory at 0x258a42fdf40 of 64 bytes failed: Only part of a ReadProcessMemory or WriteProcessMemory request was completed. (0x12B)
[0320/185711.146:ERROR:process_memory_win.cc(73)] ReadMemory at 0x258a42fe170 of 62 bytes failed: Only part of a ReadProcessMemory or WriteProcessMemory request was completed. (0x12B)
[0320/185711.146:ERROR:process_memory_win.cc(73)] ReadMemory at 0x258a42fe2b0 of 60 bytes failed: Only part of a ReadProcessMemory or WriteProcessMemory request was completed. (0x12B)
[0320/185711.146:ERROR:process_memory_win.cc(73)] ReadMemory at 0x258a42fe440 of 60 bytes failed: Only part of a ReadProcessMemory or WriteProcessMemory request was completed. (0x12B)
[0320/185711.146:ERROR:process_memory_win.cc(73)] ReadMemory at 0x258a42fe4e0 of 64 bytes failed: Only part of a ReadProcessMemory or WriteProcessMemory request was completed. (0x12B)
[0320/185711.146:ERROR:process_memory_win.cc(73)] ReadMemory at 0x258a42fe530 of 66 bytes failed: Only part of a ReadProcessMemory or WriteProcessMemory request was completed. (0x12B)
[0320/185711.146:ERROR:process_memory_win.cc(73)] ReadMemory at 0x258a42fe5d0 of 64 bytes failed: Only part of a ReadProcessMemory or WriteProcessMemory request was completed. (0x12B)
[0320/185711.146:ERROR:process_memory_win.cc(73)] ReadMemory at 0x258a42fe620 of 64 bytes failed: Only part of a ReadProcessMemory or WriteProcessMemory request was completed. (0x12B)
[0320/185711.146:ERROR:process_memory_win.cc(73)] ReadMemory at 0x258a42fe830 of 132 bytes failed: Only part of a ReadProcessMemory or WriteProcessMemory request was completed. (0x12B)
[0320/185711.146:ERROR:process_memory_win.cc(73)] ReadMemory at 0x258a42fe960 of 132 bytes failed: Only part of a ReadProcessMemory or WriteProcessMemory request was completed. (0x12B)
[0320/185711.146:ERROR:process_memory_win.cc(73)] ReadMemory at 0x258a42fee20 of 132 bytes failed: Only part of a ReadProcessMemory or WriteProcessMemory request was completed. (0x12B)
[0320/185711.146:ERROR:process_memory_win.cc(73)] ReadMemory at 0x258a42ff1b0 of 132 bytes failed: Only part of a ReadProcessMemory or WriteProcessMemory request was completed. (0x12B)
[0320/185711.147:ERROR:process_memory_win.cc(73)] ReadMemory at 0x258a42ff2e0 of 132 bytes failed: Only part of a ReadProcessMemory or WriteProcessMemory request was completed. (0x12B)
[0320/185711.147:ERROR:process_memory_win.cc(73)] ReadMemory at 0x258a42ff410 of 132 bytes failed: Only part of a ReadProcessMemory or WriteProcessMemory request was completed. (0x12B)
[0320/185711.147:ERROR:process_memory_win.cc(73)] ReadMemory at 0x258a42ff7a0 of 132 bytes failed: Only part of a ReadProcessMemory or WriteProcessMemory request was completed. (0x12B)
[0320/185711.147:ERROR:process_memory_win.cc(73)] ReadMemory at 0x258a42ff8d0 of 132 bytes failed: Only part of a ReadProcessMemory or WriteProcessMemory request was completed. (0x12B)
[0320/185711.147:ERROR:process_memory_win.cc(73)] ReadMemory at 0x258a42ffa00 of 132 bytes failed: Only part of a ReadProcessMemory or WriteProcessMemory request was completed. (0x12B)
[0320/185711.147:ERROR:process_memory_win.cc(73)] ReadMemory at 0x258a42ffb30 of 132 bytes failed: Only part of a ReadProcessMemory or WriteProcessMemory request was completed. (0x12B)
[0320/185711.147:ERROR:process_memory_win.cc(73)] ReadMemory at 0x258a42ffc60 of 132 bytes failed: Only part of a ReadProcessMemory or WriteProcessMemory request was completed. (0x12B)
[0320/185711.147:ERROR:process_memory_win.cc(73)] ReadMemory at 0x258a42ffd90 of 132 bytes failed: Only part of a ReadProcessMemory or WriteProcessMemory request was completed. (0x12B)
[0320/185711.147:ERROR:process_memory_win.cc(73)] ReadMemory at 0x258a42ffec0 of 132 bytes failed: Only part of a ReadProcessMemory or WriteProcessMemory request was completed. (0x12B)
[0320/185711.147:ERROR:process_memory_win.cc(73)] ReadMemory at 0x258a42ffff0 of 132 bytes failed: Only part of a ReadProcessMemory or WriteProcessMemory request was completed. (0x12B)
[0320/185711.147:ERROR:process_memory_win.cc(73)] ReadMemory at 0x258a4300120 of 132 bytes failed: Only part of a ReadProcessMemory or WriteProcessMemory request was completed. (0x12B)
[0320/185711.147:ERROR:process_memory_win.cc(73)] ReadMemory at 0x258a4300250 of 132 bytes failed: Only part of a ReadProcessMemory or WriteProcessMemory request was completed. (0x12B)
[0320/185711.147:ERROR:process_memory_win.cc(73)] ReadMemory at 0x258a43004b0 of 132 bytes failed: Only part of a ReadProcessMemory or WriteProcessMemory request was completed. (0x12B)
[0320/185711.147:ERROR:process_memory_win.cc(73)] ReadMemory at 0x258a4301820 of 132 bytes failed: Only part of a ReadProcessMemory or WriteProcessMemory request was completed. (0x12B)
[0320/185711.147:ERROR:process_memory_win.cc(73)] ReadMemory at 0x258a4301950 of 132 bytes failed: Only part of a ReadProcessMemory or WriteProcessMemory request was completed. (0x12B)
[0320/185711.147:ERROR:process_memory_win.cc(73)] ReadMemory at 0x258a4301a80 of 132 bytes failed: Only part of a ReadProcessMemory or WriteProcessMemory request was completed. (0x12B)
[0320/185711.147:ERROR:process_memory_win.cc(73)] ReadMemory at 0x258a4301bb0 of 132 bytes failed: Only part of a ReadProcessMemory or WriteProcessMemory request was completed. (0x12B)
[0320/185711.147:ERROR:process_memory_win.cc(73)] ReadMemory at 0x258a4301ce0 of 132 bytes failed: Only part of a ReadProcessMemory or WriteProcessMemory request was completed. (0x12B)
[0320/185711.147:ERROR:process_memory_win.cc(73)] ReadMemory at 0x258a4301e10 of 132 bytes failed: Only part of a ReadProcessMemory or WriteProcessMemory request was completed. (0x12B)
[0320/185711.147:ERROR:process_memory_win.cc(73)] ReadMemory at 0x258a43030c0 of 132 bytes failed: Only part of a ReadProcessMemory or WriteProcessMemory request was completed. (0x12B)
[0320/185711.148:ERROR:process_memory_win.cc(73)] ReadMemory at 0x258a4303c40 of 80 bytes failed: Only part of a ReadProcessMemory or WriteProcessMemory request was completed. (0x12B)
[0320/185711.148:ERROR:process_memory_win.cc(73)] ReadMemory at 0x258a4303d60 of 76 bytes failed: Only part of a ReadProcessMemory or WriteProcessMemory request was completed. (0x12B)
[0320/185711.148:ERROR:process_memory_win.cc(73)] ReadMemory at 0x258a4305360 of 132 bytes failed: Only part of a ReadProcessMemory or WriteProcessMemory request was completed. (0x12B)
[0320/185711.148:ERROR:process_memory_win.cc(73)] ReadMemory at 0x258a4305910 of 132 bytes failed: Only part of a ReadProcessMemory or WriteProcessMemory request was completed. (0x12B)
[0320/185711.148:ERROR:process_memory_win.cc(73)] ReadMemory at 0x258a4305a40 of 132 bytes failed: Only part of a ReadProcessMemory or WriteProcessMemory request was completed. (0x12B)
[0320/185711.148:ERROR:process_memory_win.cc(73)] ReadMemory at 0x258a4307920 of 54 bytes failed: Only part of a ReadProcessMemory or WriteProcessMemory request was completed. (0x12B)
[0320/185711.148:ERROR:process_memory_win.cc(73)] ReadMemory at 0x258a430aa00 of 132 bytes failed: Only part of a ReadProcessMemory or WriteProcessMemory request was completed. (0x12B)
[0320/185711.148:ERROR:process_memory_win.cc(73)] ReadMemory at 0x258a430ad60 of 132 bytes failed: Only part of a ReadProcessMemory or WriteProcessMemory request was completed. (0x12B)
[0320/185711.148:ERROR:process_memory_win.cc(73)] ReadMemory at 0x258a430b240 of 62 bytes failed: Only part of a ReadProcessMemory or WriteProcessMemory request was completed. (0x12B)
[0320/185711.148:ERROR:process_memory_win.cc(73)] ReadMemory at 0x258a430b2e0 of 60 bytes failed: Only part of a ReadProcessMemory or WriteProcessMemory request was completed. (0x12B)
[0320/185711.148:ERROR:process_memory_win.cc(73)] ReadMemory at 0x258a430b380 of 64 bytes failed: Only part of a ReadProcessMemory or WriteProcessMemory request was completed. (0x12B)
[0320/185711.148:ERROR:process_memory_win.cc(73)] ReadMemory at 0x258a430b470 of 60 bytes failed: Only part of a ReadProcessMemory or WriteProcessMemory request was completed. (0x12B)
[0320/185711.148:ERROR:process_memory_win.cc(73)] ReadMemory at 0x258a430b6f0 of 58 bytes failed: Only part of a ReadProcessMemory or WriteProcessMemory request was completed. (0x12B)
[0320/185711.148:ERROR:process_memory_win.cc(73)] ReadMemory at 0x258a430b7e0 of 62 bytes failed: Only part of a ReadProcessMemory or WriteProcessMemory request was completed. (0x12B)
[0320/185711.148:ERROR:process_memory_win.cc(73)] ReadMemory at 0x258a430b880 of 64 bytes failed: Only part of a ReadProcessMemory or WriteProcessMemory request was completed. (0x12B)
[0320/185711.148:ERROR:process_memory_win.cc(73)] ReadMemory at 0x258a430b970 of 62 bytes failed: Only part of a ReadProcessMemory or WriteProcessMemory request was completed. (0x12B)
[0320/185711.148:ERROR:process_memory_win.cc(73)] ReadMemory at 0x258a430ba10 of 64 bytes failed: Only part of a ReadProcessMemory or WriteProcessMemory request was completed. (0x12B)
[0320/185711.148:ERROR:process_memory_win.cc(73)] ReadMemory at 0x258a430ba60 of 66 bytes failed: Only part of a ReadProcessMemory or WriteProcessMemory request was completed. (0x12B)
[0320/185711.148:ERROR:process_memory_win.cc(73)] ReadMemory at 0x258a430bab0 of 62 bytes failed: Only part of a ReadProcessMemory or WriteProcessMemory request was completed. (0x12B)
[0320/185711.148:ERROR:process_memory_win.cc(73)] ReadMemory at 0x258a430bb00 of 60 bytes failed: Only part of a ReadProcessMemory or WriteProcessMemory request was completed. (0x12B)
[0320/185711.148:ERROR:process_memory_win.cc(73)] ReadMemory at 0x258a430bc90 of 62 bytes failed: Only part of a ReadProcessMemory or WriteProcessMemory request was completed. (0x12B)
[0320/185711.149:ERROR:process_memory_win.cc(73)] ReadMemory at 0x258a430bce0 of 60 bytes failed: Only part of a ReadProcessMemory or WriteProcessMemory request was completed. (0x12B)
[0320/185711.149:ERROR:process_memory_win.cc(73)] ReadMemory at 0x258a430bd30 of 62 bytes failed: Only part of a ReadProcessMemory or WriteProcessMemory request was completed. (0x12B)
[0320/185711.149:ERROR:process_memory_win.cc(73)] ReadMemory at 0x258a430bd80 of 62 bytes failed: Only part of a ReadProcessMemory or WriteProcessMemory request was completed. (0x12B)
[0320/185711.149:ERROR:process_memory_win.cc(73)] ReadMemory at 0x258a430bdd0 of 62 bytes failed: Only part of a ReadProcessMemory or WriteProcessMemory request was completed. (0x12B)
[0320/185711.149:ERROR:process_memory_win.cc(73)] ReadMemory at 0x258a430be20 of 64 bytes failed: Only part of a ReadProcessMemory or WriteProcessMemory request was completed. (0x12B)
[0320/185711.149:ERROR:process_memory_win.cc(73)] ReadMemory at 0x258a4323380 of 512 bytes failed: Only part of a ReadProcessMemory or WriteProcessMemory request was completed. (0x12B)
[0320/185711.149:ERROR:process_memory_win.cc(73)] ReadMemory at 0x258a4324120 of 512 bytes failed: Only part of a ReadProcessMemory or WriteProcessMemory request was completed. (0x12B)
[0320/185711.149:ERROR:process_memory_win.cc(73)] ReadMemory at 0x258a44c0ca0 of 512 bytes failed: Only part of a ReadProcessMemory or WriteProcessMemory request was completed. (0x12B)
[0320/185711.149:ERROR:process_memory_win.cc(73)] ReadMemory at 0x258a44c10c0 of 512 bytes failed: Only part of a ReadProcessMemory or WriteProcessMemory request was completed. (0x12B)
[0320/185711.149:ERROR:process_memory_win.cc(73)] ReadMemory at 0x258a44c1c00 of 512 bytes failed: Only part of a ReadProcessMemory or WriteProcessMemory request was completed. (0x12B)
[0320/185711.149:ERROR:process_memory_win.cc(73)] ReadMemory at 0x258a44c2140 of 512 bytes failed: Only part of a ReadProcessMemory or WriteProcessMemory request was completed. (0x12B)
[0320/185711.149:ERROR:process_memory_win.cc(73)] ReadMemory at 0x258a4769140 of 512 bytes failed: Only part of a ReadProcessMemory or WriteProcessMemory request was completed. (0x12B)
[0320/185711.149:ERROR:process_memory_win.cc(73)] ReadMemory at 0x258a47828e0 of 512 bytes failed: Only part of a ReadProcessMemory or WriteProcessMemory request was completed. (0x12B)
[0320/185711.149:ERROR:process_memory_win.cc(73)] ReadMemory at 0x258a47849b0 of 512 bytes failed: Only part of a ReadProcessMemory or WriteProcessMemory request was completed. (0x12B)
[0320/185711.149:ERROR:process_memory_win.cc(73)] ReadMemory at 0x258a4784d70 of 512 bytes failed: Only part of a ReadProcessMemory or WriteProcessMemory request was completed. (0x12B)
[0320/185711.149:ERROR:process_memory_win.cc(73)] ReadMemory at 0x258a478b478 of 512 bytes failed: Only part of a ReadProcessMemory or WriteProcessMemory request was completed. (0x12B)
[0320/185711.149:ERROR:process_memory_win.cc(73)] ReadMemory at 0x258a478b988 of 512 bytes failed: Only part of a ReadProcessMemory or WriteProcessMemory request was completed. (0x12B)
[0320/185711.149:ERROR:process_memory_win.cc(73)] ReadMemory at 0x258a478bce8 of 512 bytes failed: Only part of a ReadProcessMemory or WriteProcessMemory request was completed. (0x12B)
[0320/185711.149:ERROR:process_memory_win.cc(73)] ReadMemory at 0x258a47a3f00 of 512 bytes failed: Only part of a ReadProcessMemory or WriteProcessMemory request was completed. (0x12B)
[0320/185711.149:ERROR:process_memory_win.cc(73)] ReadMemory at 0x258a47b04e0 of 712 bytes failed: Only part of a ReadProcessMemory or WriteProcessMemory request was completed. (0x12B)
[0320/185711.149:ERROR:process_memory_win.cc(73)] ReadMemory at 0x258a65b0b60 of 512 bytes failed: Only part of a ReadProcessMemory or WriteProcessMemory request was completed. (0x12B)
[0320/185711.150:ERROR:process_memory_win.cc(73)] ReadMemory at 0x258a69bff80 of 512 bytes failed: Only part of a ReadProcessMemory or WriteProcessMemory request was completed. (0x12B)
[0320/185711.150:ERROR:process_memory_win.cc(73)] ReadMemory at 0x4a412e726b00 of 512 bytes failed: Only part of a ReadProcessMemory or WriteProcessMemory request was completed. (0x12B)
[0320/185711.150:ERROR:process_memory_win.cc(73)] ReadMemory at 0x7ff919c217f0 of 512 bytes failed: Only part of a ReadProcessMemory or WriteProcessMemory request was completed. (0x12B)
[0320/185711.150:ERROR:process_memory_win.cc(73)] ReadMemory at 0x7ff91a4b054c of 512 bytes failed: Only part of a ReadProcessMemory or WriteProcessMemory request was completed. (0x12B)
[0320/185711.150:ERROR:process_memory_win.cc(73)] ReadMemory at 0x7ff91b243d1b of 512 bytes failed: Only part of a ReadProcessMemory or WriteProcessMemory request was completed. (0x12B)
[0320/185711.150:ERROR:process_memory_win.cc(73)] ReadMemory at 0x7ff91f607830 of 512 bytes failed: Only part of a ReadProcessMemory or WriteProcessMemory request was completed. (0x12B)
[0320/185711.150:ERROR:process_memory_win.cc(73)] ReadMemory at 0x7ff97e49c0c4 of 672 bytes failed: Only part of a ReadProcessMemory or WriteProcessMemory request was completed. (0x12B)
[0320/185711.150:ERROR:process_memory_win.cc(73)] ReadMemory at 0x7ff97e49c6c4 of 512 bytes failed: Only part of a ReadProcessMemory or WriteProcessMemory request was completed. (0x12B)
[0320/185711.150:ERROR:process_memory_win.cc(73)] ReadMemory at 0x7ff97e49f974 of 608 bytes failed: Only part of a ReadProcessMemory or WriteProcessMemory request was completed. (0x12B)
[0320/185711.150:ERROR:process_memory_win.cc(73)] ReadMemory at 0x7ff97e52c428 of 18 bytes failed: Only part of a ReadProcessMemory or WriteProcessMemory request was completed. (0x12B)
[0320/185711.150:ERROR:process_memory_win.cc(73)] ReadMemory at 0x7ff97e55f4f8 of 40 bytes failed: Only part of a ReadProcessMemory or WriteProcessMemory request was completed. (0x12B)
[0320/185711.150:ERROR:process_memory_win.cc(73)] ReadMemory at 0x7ff97e55f978 of 48 bytes failed: Only part of a ReadProcessMemory or WriteProcessMemory request was completed. (0x12B)
[0320/185711.150:ERROR:process_memory_win.cc(73)] ReadMemory at 0x7ff97e5653c0 of 64 bytes failed: Only part of a ReadProcessMemory or WriteProcessMemory request was completed. (0x12B)
[0320/185711.172:ERROR:scoped_process_suspend.cc(40)] NtResumeProcess: An attempt was made to access an exiting process. (0xc000010a)
